Success (9):
datatype 11760 {urn:com:appian:types}TEST_CHILD "{urn:com:appian:types}TEST_CHILD"
datatype 11802 {urn:com:appian:types}TEST_MAIN "{urn:com:appian:types}TEST_MAIN"
dataStore 276724 _a-0000e216-7e40-8000-9ba2-011c48011c48_1825605 "TEST DS"
content 276693 _a-0000e216-7e40-8000-9ba2-011c48011c48_1825582 "TEST Rules And Constants"
content 276731 _a-0000e216-7e40-8000-9ba2-011c48011c48_1825587 "testForm"
content 276828 cd78347f-f0f2-4092-bd4f-077c111dbd43 "testDirectionsAPI"
processModelFolder 14 _g-0000e216-7e40-8000-f92f-7f0000014e7a_2588 "TEST PM"
processModel 22073 0002e21e-1171-8000-f92f-7f0000014e7a "TEST PM"
application 276690 _a-0000e216-7e40-8000-9ba2-011c48011c48_1825565 "TEST FEB"

Trace:
2019-11-26 06:52:06.314 DEBUG application 276690 _a-0000e216-7e40-8000-9ba2-011c48011c48_1825565 Begin transport.
2019-11-26 06:52:06.314 DEBUG application 276690 _a-0000e216-7e40-8000-9ba2-011c48011c48_1825565 Retrieving object data.
2019-11-26 06:52:06.343 DEBUG application 276690 _a-0000e216-7e40-8000-9ba2-011c48011c48_1825565 App associated objects: [datatype=[{urn:com:appian:types}TEST_CHILD, {urn:com:appian:types}TEST_MAIN],dataStore=[_a-0000e216-7e40-8000-9ba2-011c48011c48_1825605],content=[_a-0000e216-7e40-8000-9ba2-011c48011c48_1825582, _a-0000e216-7e40-8000-9ba2-011c48011c48_1825587, cd78347f-f0f2-4092-bd4f-077c111dbd43],processModelFolder=[_g-0000e216-7e40-8000-f92f-7f0000014e7a_2588],processModel=[0002e21e-1171-8000-f92f-7f0000014e7a]]
2019-11-26 06:52:06.382 DEBUG application 276690 _a-0000e216-7e40-8000-9ba2-011c48011c48_1825565 Invalid associated objects: []
2019-11-26 06:52:06.383 DEBUG application 276690 _a-0000e216-7e40-8000-9ba2-011c48011c48_1825565 Adding valid associated objects to be exported: GlobalBindingMap[datatype={{urn:com:appian:types}TEST_CHILD=11760, {urn:com:appian:types}TEST_MAIN=11802},dataStore={_a-0000e216-7e40-8000-9ba2-011c48011c48_1825605=276724},content={_a-0000e216-7e40-8000-9ba2-011c48011c48_1825582=276693, _a-0000e216-7e40-8000-9ba2-011c48011c48_1825587=276731, cd78347f-f0f2-4092-bd4f-077c111dbd43=276828},processModelFolder={_g-0000e216-7e40-8000-f92f-7f0000014e7a_2588=14},processModel={0002e21e-1171-8000-f92f-7f0000014e7a=22073}]
2019-11-26 06:52:06.383 DEBUG application 276690 _a-0000e216-7e40-8000-9ba2-011c48011c48_1825565 Setting uuids of object references.
2019-11-26 06:52:06.393 DEBUG application 276690 _a-0000e216-7e40-8000-9ba2-011c48011c48_1825565 Processing reference: Application.forum
2019-11-26 06:52:06.41 DEBUG application 276690 _a-0000e216-7e40-8000-9ba2-011c48011c48_1825565 Processing reference: Application.parent
2019-11-26 06:52:06.429 DEBUG application 276690 _a-0000e216-7e40-8000-9ba2-011c48011c48_1825565 Processing reference: com.appiancorp.suiteapi.content.ContentRoleMap@337c3a24[
  ContentRole[name=readers,inherit=false,allowForAll=false]
  ContentRole[name=authors,inherit=false,allowForAll=false]
  ContentRole[name=administrators,inherit=false,allowForAll=false]
  ContentRole[name=denyReaders,inherit=false,allowForAll=false]
  ContentRole[name=denyAuthors,inherit=false,allowForAll=false]
  ContentRole[name=denyAdministrators,inherit=false,allowForAll=false]
  securityVector=1:SEC_PUBLIC=true,SEC_CREATOR_ADMIN=false,SEC_INH_ADMIN=false,SEC_INH_EDITOR=false,SEC_INH_VIEWER=false,SEC_ALL_ADMIN=false,SEC_ALL_EDITOR=false,SEC_ALL_VIEWER=false
]
2019-11-26 06:52:06.429 DEBUG application 276690 _a-0000e216-7e40-8000-9ba2-011c48011c48_1825565 Processing reference: ContentRole[name=readers,inherit=false,allowForAll=false]
2019-11-26 06:52:06.429 DEBUG application 276690 _a-0000e216-7e40-8000-9ba2-011c48011c48_1825565 Processing reference: ContentRole[name=authors,inherit=false,allowForAll=false]
2019-11-26 06:52:06.429 DEBUG application 276690 _a-0000e216-7e40-8000-9ba2-011c48011c48_1825565 Processing reference: ContentRole[name=administrators,inherit=false,allowForAll=false]
2019-11-26 06:52:06.43 DEBUG application 276690 _a-0000e216-7e40-8000-9ba2-011c48011c48_1825565 Processing reference: ContentRole[name=denyReaders,inherit=false,allowForAll=false]
2019-11-26 06:52:06.43 DEBUG application 276690 _a-0000e216-7e40-8000-9ba2-011c48011c48_1825565 Processing reference: ContentRole[name=denyAuthors,inherit=false,allowForAll=false]
2019-11-26 06:52:06.43 DEBUG application 276690 _a-0000e216-7e40-8000-9ba2-011c48011c48_1825565 Processing reference: ContentRole[name=denyAdministrators,inherit=false,allowForAll=false]
2019-11-26 06:52:06.431 DEBUG datatype 11760 {urn:com:appian:types}TEST_CHILD Begin transport.
2019-11-26 06:52:06.432 DEBUG datatype 11760 {urn:com:appian:types}TEST_CHILD Retrieving object data.
2019-11-26 06:52:07.28 DEBUG datatype 11760 {urn:com:appian:types}TEST_CHILD Setting uuids of object references.
2019-11-26 06:52:07.283 DEBUG datatype 11760 {urn:com:appian:types}TEST_CHILD Completing produce.
2019-11-26 06:52:07.283 DEBUG datatype 11760 {urn:com:appian:types}TEST_CHILD Exporting binary resources.
2019-11-26 06:52:07.283 DEBUG datatype 11760 {urn:com:appian:types}TEST_CHILD Serializing object to XML.
2019-11-26 06:52:07.294 DEBUG datatype 11760 {urn:com:appian:types}TEST_CHILD Object transported.
2019-11-26 06:52:07.294 DEBUG datatype 11802 {urn:com:appian:types}TEST_MAIN Begin transport.
2019-11-26 06:52:07.294 DEBUG datatype 11802 {urn:com:appian:types}TEST_MAIN Retrieving object data.
2019-11-26 06:52:07.419 DEBUG datatype 11802 {urn:com:appian:types}TEST_MAIN Setting uuids of object references.
2019-11-26 06:52:07.441 DEBUG datatype 11802 {urn:com:appian:types}TEST_MAIN Completing produce.
2019-11-26 06:52:07.441 DEBUG datatype 11802 {urn:com:appian:types}TEST_MAIN Exporting binary resources.
2019-11-26 06:52:07.441 DEBUG datatype 11802 {urn:com:appian:types}TEST_MAIN Serializing object to XML.
2019-11-26 06:52:07.477 DEBUG datatype 11802 {urn:com:appian:types}TEST_MAIN Object transported.
2019-11-26 06:52:07.488 DEBUG dataStore 276724 _a-0000e216-7e40-8000-9ba2-011c48011c48_1825605 Begin transport.
2019-11-26 06:52:07.49 DEBUG dataStore 276724 _a-0000e216-7e40-8000-9ba2-011c48011c48_1825605 Retrieving object data.
2019-11-26 06:52:07.511 DEBUG dataStore 276724 _a-0000e216-7e40-8000-9ba2-011c48011c48_1825605 Setting uuids of object references.
2019-11-26 06:52:07.514 DEBUG dataStore 276724 _a-0000e216-7e40-8000-9ba2-011c48011c48_1825605 Processing reference: datatypeRef[id=11760]
2019-11-26 06:52:07.515 DEBUG dataStore 276724 _a-0000e216-7e40-8000-9ba2-011c48011c48_1825605 Processing reference: datatypeRef[id=11802]
2019-11-26 06:52:07.865 DEBUG dataStore 276724 _a-0000e216-7e40-8000-9ba2-011c48011c48_1825605 Processing reference: ContentRole[name=administrators,inherit=false,allowForAll=false]
2019-11-26 06:52:07.865 DEBUG dataStore 276724 _a-0000e216-7e40-8000-9ba2-011c48011c48_1825605 Processing reference: ContentRole[name=authors,inherit=false,allowForAll=false]
2019-11-26 06:52:07.865 DEBUG dataStore 276724 _a-0000e216-7e40-8000-9ba2-011c48011c48_1825605 Processing reference: ContentRole[name=denyAdministrators,inherit=false,allowForAll=false]
2019-11-26 06:52:07.865 DEBUG dataStore 276724 _a-0000e216-7e40-8000-9ba2-011c48011c48_1825605 Processing reference: ContentRole[name=denyAuthors,inherit=false,allowForAll=false]
2019-11-26 06:52:07.865 DEBUG dataStore 276724 _a-0000e216-7e40-8000-9ba2-011c48011c48_1825605 Processing reference: ContentRole[name=denyReaders,inherit=false,allowForAll=false]
2019-11-26 06:52:07.865 DEBUG dataStore 276724 _a-0000e216-7e40-8000-9ba2-011c48011c48_1825605 Processing reference: ContentRole[name=readers,inherit=false,allowForAll=false]
2019-11-26 06:52:07.866 DEBUG dataStore 276724 _a-0000e216-7e40-8000-9ba2-011c48011c48_1825605 Completing produce.
2019-11-26 06:52:07.866 DEBUG dataStore 276724 _a-0000e216-7e40-8000-9ba2-011c48011c48_1825605 Exporting binary resources.
2019-11-26 06:52:07.866 DEBUG dataStore 276724 _a-0000e216-7e40-8000-9ba2-011c48011c48_1825605 Serializing object to XML.
2019-11-26 06:52:07.899 DEBUG dataStore 276724 _a-0000e216-7e40-8000-9ba2-011c48011c48_1825605 Object transported.
2019-11-26 06:52:07.906 DEBUG content 276693 _a-0000e216-7e40-8000-9ba2-011c48011c48_1825582 Begin transport.
2019-11-26 06:52:07.906 DEBUG content 276693 _a-0000e216-7e40-8000-9ba2-011c48011c48_1825582 Retrieving object data.
2019-11-26 06:52:07.934 DEBUG content 276693 _a-0000e216-7e40-8000-9ba2-011c48011c48_1825582 Setting uuids of object references.
2019-11-26 06:52:07.934 DEBUG content 276693 _a-0000e216-7e40-8000-9ba2-011c48011c48_1825582 Processing reference: RulesFolder.forum
2019-11-26 06:52:07.936 DEBUG content 276693 _a-0000e216-7e40-8000-9ba2-011c48011c48_1825582 Processing reference: RulesFolder.parent
2019-11-26 06:52:07.949 DEBUG content 276693 _a-0000e216-7e40-8000-9ba2-011c48011c48_1825582 Processing reference: com.appiancorp.suiteapi.content.ContentRoleMap@56b9a305[
  ContentRole[name=readers,inherit=false,allowForAll=false]
  ContentRole[name=authors,inherit=false,allowForAll=false]
  ContentRole[name=administrators,inherit=false,allowForAll=false]
  ContentRole[name=denyReaders,inherit=false,allowForAll=false]
  ContentRole[name=denyAuthors,inherit=false,allowForAll=false]
  ContentRole[name=denyAdministrators,inherit=false,allowForAll=false]
  securityVector=1:SEC_PUBLIC=true,SEC_CREATOR_ADMIN=false,SEC_INH_ADMIN=false,SEC_INH_EDITOR=false,SEC_INH_VIEWER=false,SEC_ALL_ADMIN=false,SEC_ALL_EDITOR=false,SEC_ALL_VIEWER=false
]
2019-11-26 06:52:07.949 DEBUG content 276693 _a-0000e216-7e40-8000-9ba2-011c48011c48_1825582 Processing reference: ContentRole[name=readers,inherit=false,allowForAll=false]
2019-11-26 06:52:07.949 DEBUG content 276693 _a-0000e216-7e40-8000-9ba2-011c48011c48_1825582 Processing reference: ContentRole[name=authors,inherit=false,allowForAll=false]
2019-11-26 06:52:07.949 DEBUG content 276693 _a-0000e216-7e40-8000-9ba2-011c48011c48_1825582 Processing reference: ContentRole[name=administrators,inherit=false,allowForAll=false]
2019-11-26 06:52:07.949 DEBUG content 276693 _a-0000e216-7e40-8000-9ba2-011c48011c48_1825582 Processing reference: ContentRole[name=denyReaders,inherit=false,allowForAll=false]
2019-11-26 06:52:07.949 DEBUG content 276693 _a-0000e216-7e40-8000-9ba2-011c48011c48_1825582 Processing reference: ContentRole[name=denyAuthors,inherit=false,allowForAll=false]
2019-11-26 06:52:07.949 DEBUG content 276693 _a-0000e216-7e40-8000-9ba2-011c48011c48_1825582 Processing reference: ContentRole[name=denyAdministrators,inherit=false,allowForAll=false]
2019-11-26 06:52:07.949 DEBUG content 276693 _a-0000e216-7e40-8000-9ba2-011c48011c48_1825582 Completing produce.
2019-11-26 06:52:07.949 DEBUG content 276693 _a-0000e216-7e40-8000-9ba2-011c48011c48_1825582 Exporting binary resources.
2019-11-26 06:52:07.949 DEBUG content 276693 _a-0000e216-7e40-8000-9ba2-011c48011c48_1825582 Serializing object to XML.
2019-11-26 06:52:07.97 DEBUG content 276693 _a-0000e216-7e40-8000-9ba2-011c48011c48_1825582 Object transported.
2019-11-26 06:52:07.97 DEBUG content 276731 _a-0000e216-7e40-8000-9ba2-011c48011c48_1825587 Begin transport.
2019-11-26 06:52:07.97 DEBUG content 276731 _a-0000e216-7e40-8000-9ba2-011c48011c48_1825587 Retrieving object data.
2019-11-26 06:52:07.995 DEBUG content 276731 _a-0000e216-7e40-8000-9ba2-011c48011c48_1825587 Setting uuids of object references.
2019-11-26 06:52:07.995 DEBUG content 276731 _a-0000e216-7e40-8000-9ba2-011c48011c48_1825587 Processing reference: [Content:id=276694,versionId=-1,name=testForm,type=32,subtype=6,uuid=_a-0000e216-7e40-8000-9ba2-011c48011c48_1825587,parent=276693]
2019-11-26 06:52:08.012 DEBUG content 276731 _a-0000e216-7e40-8000-9ba2-011c48011c48_1825587 Processing reference: Interface.forum
2019-11-26 06:52:08.014 DEBUG content 276731 _a-0000e216-7e40-8000-9ba2-011c48011c48_1825587 Processing reference: TypedVariable[name=TEST_MAIN,it=11802,v=<null>]
2019-11-26 06:52:08.019 DEBUG content 276731 _a-0000e216-7e40-8000-9ba2-011c48011c48_1825587 Processing reference: TypedVariable[name=TEST_CHILD,it=11760,v=<null>]
2019-11-26 06:52:08.02 DEBUG content 276731 _a-0000e216-7e40-8000-9ba2-011c48011c48_1825587 Processing reference: Interface.parent
2019-11-26 06:52:08.031 DEBUG content 276731 _a-0000e216-7e40-8000-9ba2-011c48011c48_1825587 Processing reference: com.appiancorp.suiteapi.content.ContentRoleMap@6b5c7ec0[
  ContentRole[name=readers,inherit=true,allowForAll=false]
  ContentRole[name=authors,inherit=true,allowForAll=false]
  ContentRole[name=administrators,inherit=true,allowForAll=false]
  ContentRole[name=denyReaders,inherit=false,allowForAll=false]
  ContentRole[name=denyAuthors,inherit=false,allowForAll=false]
  ContentRole[name=denyAdministrators,inherit=false,allowForAll=false]
  securityVector=15:SEC_PUBLIC=true,SEC_CREATOR_ADMIN=false,SEC_INH_ADMIN=true,SEC_INH_EDITOR=true,SEC_INH_VIEWER=true,SEC_ALL_ADMIN=false,SEC_ALL_EDITOR=false,SEC_ALL_VIEWER=false
]
2019-11-26 06:52:08.031 DEBUG content 276731 _a-0000e216-7e40-8000-9ba2-011c48011c48_1825587 Processing reference: ContentRole[name=readers,inherit=true,allowForAll=false]
2019-11-26 06:52:08.031 DEBUG content 276731 _a-0000e216-7e40-8000-9ba2-011c48011c48_1825587 Processing reference: ContentRole[name=authors,inherit=true,allowForAll=false]
2019-11-26 06:52:08.031 DEBUG content 276731 _a-0000e216-7e40-8000-9ba2-011c48011c48_1825587 Processing reference: ContentRole[name=administrators,inherit=true,allowForAll=false]
2019-11-26 06:52:08.031 DEBUG content 276731 _a-0000e216-7e40-8000-9ba2-011c48011c48_1825587 Processing reference: ContentRole[name=denyReaders,inherit=false,allowForAll=false]
2019-11-26 06:52:08.031 DEBUG content 276731 _a-0000e216-7e40-8000-9ba2-011c48011c48_1825587 Processing reference: ContentRole[name=denyAuthors,inherit=false,allowForAll=false]
2019-11-26 06:52:08.031 DEBUG content 276731 _a-0000e216-7e40-8000-9ba2-011c48011c48_1825587 Processing reference: ContentRole[name=denyAdministrators,inherit=false,allowForAll=false]
2019-11-26 06:52:08.031 DEBUG content 276731 _a-0000e216-7e40-8000-9ba2-011c48011c48_1825587 Completing produce.
2019-11-26 06:52:08.031 DEBUG content 276731 _a-0000e216-7e40-8000-9ba2-011c48011c48_1825587 Exporting binary resources.
2019-11-26 06:52:08.031 DEBUG content 276731 _a-0000e216-7e40-8000-9ba2-011c48011c48_1825587 Serializing object to XML.
2019-11-26 06:52:08.065 DEBUG content 276731 _a-0000e216-7e40-8000-9ba2-011c48011c48_1825587 Object transported.
2019-11-26 06:52:08.065 DEBUG content 276828 cd78347f-f0f2-4092-bd4f-077c111dbd43 Begin transport.
2019-11-26 06:52:08.065 DEBUG content 276828 cd78347f-f0f2-4092-bd4f-077c111dbd43 Retrieving object data.
2019-11-26 06:52:08.095 DEBUG content 276828 cd78347f-f0f2-4092-bd4f-077c111dbd43 Setting uuids of object references.
2019-11-26 06:52:08.095 DEBUG content 276828 cd78347f-f0f2-4092-bd4f-077c111dbd43 Processing reference: [Content:id=276828,versionId=-1,name=testDirectionsAPI,type=32,subtype=5,uuid=cd78347f-f0f2-4092-bd4f-077c111dbd43,parent=276693]
2019-11-26 06:52:08.097 DEBUG content 276828 cd78347f-f0f2-4092-bd4f-077c111dbd43 Processing reference: OutboundIntegration.configParametersForJaxb
2019-11-26 06:52:08.098 DEBUG content 276828 cd78347f-f0f2-4092-bd4f-077c111dbd43 Processing reference: OutboundIntegration.forum
2019-11-26 06:52:08.11 DEBUG content 276828 cd78347f-f0f2-4092-bd4f-077c111dbd43 Processing reference: OutboundIntegration.integrationOutputsAsTypedValue
2019-11-26 06:52:08.111 DEBUG content 276828 cd78347f-f0f2-4092-bd4f-077c111dbd43 Processing reference: OutboundIntegration.parent
2019-11-26 06:52:08.121 DEBUG content 276828 cd78347f-f0f2-4092-bd4f-077c111dbd43 Processing reference: OutboundIntegration.sharedConfigParameters
2019-11-26 06:52:08.122 DEBUG content 276828 cd78347f-f0f2-4092-bd4f-077c111dbd43 Processing reference: com.appiancorp.suiteapi.content.ContentRoleMap@476e9ca4[
  ContentRole[name=readers,inherit=true,allowForAll=false]
  ContentRole[name=authors,inherit=true,allowForAll=false]
  ContentRole[name=administrators,inherit=true,allowForAll=false]
  ContentRole[name=denyReaders,inherit=false,allowForAll=false]
  ContentRole[name=denyAuthors,inherit=false,allowForAll=false]
  ContentRole[name=denyAdministrators,inherit=false,allowForAll=false]
  securityVector=15:SEC_PUBLIC=true,SEC_CREATOR_ADMIN=false,SEC_INH_ADMIN=true,SEC_INH_EDITOR=true,SEC_INH_VIEWER=true,SEC_ALL_ADMIN=false,SEC_ALL_EDITOR=false,SEC_ALL_VIEWER=false
]
2019-11-26 06:52:08.122 DEBUG content 276828 cd78347f-f0f2-4092-bd4f-077c111dbd43 Processing reference: ContentRole[name=readers,inherit=true,allowForAll=false]
2019-11-26 06:52:08.122 DEBUG content 276828 cd78347f-f0f2-4092-bd4f-077c111dbd43 Processing reference: ContentRole[name=authors,inherit=true,allowForAll=false]
2019-11-26 06:52:08.122 DEBUG content 276828 cd78347f-f0f2-4092-bd4f-077c111dbd43 Processing reference: ContentRole[name=administrators,inherit=true,allowForAll=false]
2019-11-26 06:52:08.122 DEBUG content 276828 cd78347f-f0f2-4092-bd4f-077c111dbd43 Processing reference: ContentRole[name=denyReaders,inherit=false,allowForAll=false]
2019-11-26 06:52:08.122 DEBUG content 276828 cd78347f-f0f2-4092-bd4f-077c111dbd43 Processing reference: ContentRole[name=denyAuthors,inherit=false,allowForAll=false]
2019-11-26 06:52:08.122 DEBUG content 276828 cd78347f-f0f2-4092-bd4f-077c111dbd43 Processing reference: ContentRole[name=denyAdministrators,inherit=false,allowForAll=false]
2019-11-26 06:52:08.123 DEBUG content 276828 cd78347f-f0f2-4092-bd4f-077c111dbd43 Completing produce.
2019-11-26 06:52:08.123 DEBUG content 276828 cd78347f-f0f2-4092-bd4f-077c111dbd43 Exporting binary resources.
2019-11-26 06:52:08.123 DEBUG content 276828 cd78347f-f0f2-4092-bd4f-077c111dbd43 Serializing object to XML.
2019-11-26 06:52:08.195 DEBUG content 276828 cd78347f-f0f2-4092-bd4f-077c111dbd43 Object transported.
2019-11-26 06:52:08.2 DEBUG processModelFolder 14 _g-0000e216-7e40-8000-f92f-7f0000014e7a_2588 Begin transport.
2019-11-26 06:52:08.2 DEBUG processModelFolder 14 _g-0000e216-7e40-8000-f92f-7f0000014e7a_2588 Retrieving object data.
2019-11-26 06:52:08.23 DEBUG processModelFolder 14 _g-0000e216-7e40-8000-f92f-7f0000014e7a_2588 Setting uuids of object references.
2019-11-26 06:52:08.231 DEBUG processModelFolder 14 _g-0000e216-7e40-8000-f92f-7f0000014e7a_2588 Processing reference: ProcessModelFolder.parentFolderId
2019-11-26 06:52:08.233 DEBUG processModelFolder 14 _g-0000e216-7e40-8000-f92f-7f0000014e7a_2588 Processing reference: com.appiancorp.suiteapi.process.ProcessRoleMap@6a808139[
  Role[name=ADMIN_OWNER]
  Role[name=EDITOR]
  Role[name=EXPLICIT_NONMEMBER]
  Role[name=VIEWER]
  Role[name=MANAGER]
  Role[name=INITIATOR]
]
2019-11-26 06:52:08.233 DEBUG processModelFolder 14 _g-0000e216-7e40-8000-f92f-7f0000014e7a_2588 Processing reference: Role[name=ADMIN_OWNER]
2019-11-26 06:52:08.234 DEBUG processModelFolder 14 _g-0000e216-7e40-8000-f92f-7f0000014e7a_2588 Processing reference: Role[name=EDITOR]
2019-11-26 06:52:08.234 DEBUG processModelFolder 14 _g-0000e216-7e40-8000-f92f-7f0000014e7a_2588 Processing reference: Role[name=EXPLICIT_NONMEMBER]
2019-11-26 06:52:08.234 DEBUG processModelFolder 14 _g-0000e216-7e40-8000-f92f-7f0000014e7a_2588 Processing reference: Role[name=VIEWER]
2019-11-26 06:52:08.234 DEBUG processModelFolder 14 _g-0000e216-7e40-8000-f92f-7f0000014e7a_2588 Processing reference: Role[name=MANAGER]
2019-11-26 06:52:08.234 DEBUG processModelFolder 14 _g-0000e216-7e40-8000-f92f-7f0000014e7a_2588 Processing reference: Role[name=INITIATOR]
2019-11-26 06:52:08.236 DEBUG processModelFolder 14 _g-0000e216-7e40-8000-f92f-7f0000014e7a_2588 Completing produce.
2019-11-26 06:52:08.236 DEBUG processModelFolder 14 _g-0000e216-7e40-8000-f92f-7f0000014e7a_2588 Exporting binary resources.
2019-11-26 06:52:08.236 DEBUG processModelFolder 14 _g-0000e216-7e40-8000-f92f-7f0000014e7a_2588 Serializing object to XML.
2019-11-26 06:52:08.252 DEBUG processModelFolder 14 _g-0000e216-7e40-8000-f92f-7f0000014e7a_2588 Object transported.
2019-11-26 06:52:08.287 DEBUG processModel 22073 0002e21e-1171-8000-f92f-7f0000014e7a Begin transport.
2019-11-26 06:52:08.287 DEBUG processModel 22073 0002e21e-1171-8000-f92f-7f0000014e7a Retrieving object data.
2019-11-26 06:52:08.432 DEBUG processModel 22073 0002e21e-1171-8000-f92f-7f0000014e7a Setting uuids of object references.
2019-11-26 06:52:08.433 DEBUG processModel 22073 0002e21e-1171-8000-f92f-7f0000014e7a Processing reference: ProcessModelHaul.folderId
2019-11-26 06:52:08.435 DEBUG processModel 22073 0002e21e-1171-8000-f92f-7f0000014e7a Processing reference: ProcessModelHaul.modelDashboardPageId
2019-11-26 06:52:08.436 DEBUG processModel 22073 0002e21e-1171-8000-f92f-7f0000014e7a Processing reference: ProcessModelHaul.processDashboardPageId
2019-11-26 06:52:08.436 DEBUG processModel 22073 0002e21e-1171-8000-f92f-7f0000014e7a Processing reference: ProcessModel.emailAttachmentFolderId
2019-11-26 06:52:08.44 DEBUG processModel 22073 0002e21e-1171-8000-f92f-7f0000014e7a Processing reference: ActivityClassParameter[name=pmID,it=23,v=<null>]
2019-11-26 06:52:08.445 DEBUG processModel 22073 0002e21e-1171-8000-f92f-7f0000014e7a Processing reference: ActivityClassParameter[name=inMap,it=111,v={}]
2019-11-26 06:52:08.445 DEBUG processModel 22073 0002e21e-1171-8000-f92f-7f0000014e7a Processing reference: ActivityClassParameter[name=procInheritsPriority,it=1,v=1]
2019-11-26 06:52:08.446 DEBUG processModel 22073 0002e21e-1171-8000-f92f-7f0000014e7a Processing reference: ActivityClassParameter[name=pmUUID,it=3,v=]
2019-11-26 06:52:08.446 DEBUG processModel 22073 0002e21e-1171-8000-f92f-7f0000014e7a Processing reference: ActivityClassParameter[name=isAsynchronous,it=26,v=1]
2019-11-26 06:52:08.446 DEBUG processModel 22073 0002e21e-1171-8000-f92f-7f0000014e7a Processing reference: ActivityClassParameter[name=isTransparent,it=26,v=1]
2019-11-26 06:52:08.446 DEBUG processModel 22073 0002e21e-1171-8000-f92f-7f0000014e7a Processing reference: ActivityClassParameter[name=inheritSecurity,it=26,v=0]
2019-11-26 06:52:08.446 DEBUG processModel 22073 0002e21e-1171-8000-f92f-7f0000014e7a Processing reference: com.appiancorp.suiteapi.process.ProcessRoleMap@6e29c17b[
  Role[name=ADMIN_OWNER]
  Role[name=EDITOR]
  Role[name=EXPLICIT_NONMEMBER]
  Role[name=VIEWER]
  Role[name=MANAGER]
  Role[name=INITIATOR]
]
2019-11-26 06:52:08.446 DEBUG processModel 22073 0002e21e-1171-8000-f92f-7f0000014e7a Processing reference: Role[name=ADMIN_OWNER]
2019-11-26 06:52:08.446 DEBUG processModel 22073 0002e21e-1171-8000-f92f-7f0000014e7a Processing reference: Role[name=EDITOR]
2019-11-26 06:52:08.447 DEBUG processModel 22073 0002e21e-1171-8000-f92f-7f0000014e7a Processing reference: Role[name=EXPLICIT_NONMEMBER]
2019-11-26 06:52:08.447 DEBUG processModel 22073 0002e21e-1171-8000-f92f-7f0000014e7a Processing reference: Role[name=VIEWER]
2019-11-26 06:52:08.447 DEBUG processModel 22073 0002e21e-1171-8000-f92f-7f0000014e7a Processing reference: Role[name=MANAGER]
2019-11-26 06:52:08.447 DEBUG processModel 22073 0002e21e-1171-8000-f92f-7f0000014e7a Processing reference: Role[name=INITIATOR]
2019-11-26 06:52:08.447 DEBUG processModel 22073 0002e21e-1171-8000-f92f-7f0000014e7a Completing produce.
2019-11-26 06:52:08.447 DEBUG processModel 22073 0002e21e-1171-8000-f92f-7f0000014e7a Exporting binary resources.
2019-11-26 06:52:08.447 DEBUG processModel 22073 0002e21e-1171-8000-f92f-7f0000014e7a Serializing object to XML.
2019-11-26 06:52:08.484 DEBUG processModel 22073 0002e21e-1171-8000-f92f-7f0000014e7a Object transported.
2019-11-26 06:52:08.484 DEBUG application 276690 _a-0000e216-7e40-8000-9ba2-011c48011c48_1825565 Completing produce.
2019-11-26 06:52:08.484 DEBUG application 276690 _a-0000e216-7e40-8000-9ba2-011c48011c48_1825565 Exporting binary resources.
2019-11-26 06:52:08.484 DEBUG application 276690 _a-0000e216-7e40-8000-9ba2-011c48011c48_1825565 Serializing object to XML.
2019-11-26 06:52:08.506 DEBUG application 276690 _a-0000e216-7e40-8000-9ba2-011c48011c48_1825565 Object transported.
