Success (10):
content 5760 _a-0000e311-1855-8000-9ba2-011c48011c48_29123 "CICD Test Rules"
content 5762 _a-0000e311-1855-8000-9ba2-011c48011c48_29128 "CICD_testInterface"
content 5938 _a-0000e311-1855-8000-9ba2-011c48011c48_29140 "CICD_TEST_CONSTANT"
content 5910 _a-0000e311-1855-8000-9ba2-011c48011c48_29146 "CICD_getTestRule"
content 6460 _a-0000e347-b72b-8000-9ba2-011c48011c48_29269 "CICD_testInterface2"
content 6452 _a-0000e347-b72b-8000-9ba2-011c48011c48_29282 "CICD_testRule"
processModelFolder 8 _g-0000e311-1855-8000-f92f-7f0000014e7a_9 "CICD Process Models"
processModel 292 0002e347-b43f-8000-f92f-7f0000014e7a "CICD Test Process Model"
processModel 156 0002e349-8233-8000-f92f-7f0000014e7a "CICD Test Process Model two"
application 5759 _a-0000e311-1855-8000-9ba2-011c48011c48_29118 "CICD"

Referenced precedents that were not exported (1):
group 21 _e-0000d398-70cf-8000-9aee-01075c01075c_6

Trace:
2019-10-16 12:41:39.368 DEBUG application 5759 _a-0000e311-1855-8000-9ba2-011c48011c48_29118 Begin transport.
2019-10-16 12:41:39.368 DEBUG application 5759 _a-0000e311-1855-8000-9ba2-011c48011c48_29118 Retrieving object data.
2019-10-16 12:41:39.382 DEBUG application 5759 _a-0000e311-1855-8000-9ba2-011c48011c48_29118 App associated objects: [content=[_a-0000e311-1855-8000-9ba2-011c48011c48_29123, _a-0000e311-1855-8000-9ba2-011c48011c48_29128, _a-0000e311-1855-8000-9ba2-011c48011c48_29140, _a-0000e311-1855-8000-9ba2-011c48011c48_29146, _a-0000e347-b72b-8000-9ba2-011c48011c48_29269, _a-0000e347-b72b-8000-9ba2-011c48011c48_29282],processModelFolder=[_g-0000e311-1855-8000-f92f-7f0000014e7a_9],processModel=[0002e347-b43f-8000-f92f-7f0000014e7a, 0002e349-8233-8000-f92f-7f0000014e7a]]
2019-10-16 12:41:39.388 DEBUG application 5759 _a-0000e311-1855-8000-9ba2-011c48011c48_29118 Invalid associated objects: []
2019-10-16 12:41:39.388 DEBUG application 5759 _a-0000e311-1855-8000-9ba2-011c48011c48_29118 Adding valid associated objects to be exported: GlobalBindingMap[content={_a-0000e311-1855-8000-9ba2-011c48011c48_29123=5760, _a-0000e311-1855-8000-9ba2-011c48011c48_29128=5762, _a-0000e311-1855-8000-9ba2-011c48011c48_29140=5938, _a-0000e311-1855-8000-9ba2-011c48011c48_29146=5910, _a-0000e347-b72b-8000-9ba2-011c48011c48_29269=6460, _a-0000e347-b72b-8000-9ba2-011c48011c48_29282=6452},processModelFolder={_g-0000e311-1855-8000-f92f-7f0000014e7a_9=8},processModel={0002e347-b43f-8000-f92f-7f0000014e7a=292, 0002e349-8233-8000-f92f-7f0000014e7a=156}]
2019-10-16 12:41:39.389 DEBUG application 5759 _a-0000e311-1855-8000-9ba2-011c48011c48_29118 Setting uuids of object references.
2019-10-16 12:41:39.398 DEBUG application 5759 _a-0000e311-1855-8000-9ba2-011c48011c48_29118 Processing reference: Application.forum
2019-10-16 12:41:39.399 DEBUG application 5759 _a-0000e311-1855-8000-9ba2-011c48011c48_29118 Processing reference: Application.parent
2019-10-16 12:41:39.407 DEBUG application 5759 _a-0000e311-1855-8000-9ba2-011c48011c48_29118 Processing reference: com.appiancorp.suiteapi.content.ContentRoleMap@2dc83f7b[
  ContentRole[name=readers,inherit=false,allowForAll=true]
  ContentRole[name=authors,inherit=false,allowForAll=true]
  ContentRole[name=administrators,groupIds=[21],inherit=false,allowForAll=true]
  ContentRole[name=denyReaders,inherit=false,allowForAll=false]
  ContentRole[name=denyAuthors,inherit=false,allowForAll=false]
  ContentRole[name=denyAdministrators,inherit=false,allowForAll=false]
  securityVector=113:SEC_PUBLIC=true,SEC_CREATOR_ADMIN=false,SEC_INH_ADMIN=false,SEC_INH_EDITOR=false,SEC_INH_VIEWER=false,SEC_ALL_ADMIN=true,SEC_ALL_EDITOR=true,SEC_ALL_VIEWER=true
]
2019-10-16 12:41:39.407 DEBUG application 5759 _a-0000e311-1855-8000-9ba2-011c48011c48_29118 Processing reference: ContentRole[name=readers,inherit=false,allowForAll=true]
2019-10-16 12:41:39.407 DEBUG application 5759 _a-0000e311-1855-8000-9ba2-011c48011c48_29118 Processing reference: ContentRole[name=authors,inherit=false,allowForAll=true]
2019-10-16 12:41:39.407 DEBUG application 5759 _a-0000e311-1855-8000-9ba2-011c48011c48_29118 Processing reference: ContentRole[name=administrators,groupIds=[21],inherit=false,allowForAll=true]
2019-10-16 12:41:39.409 DEBUG application 5759 _a-0000e311-1855-8000-9ba2-011c48011c48_29118 Processing reference: ContentRole[name=denyReaders,inherit=false,allowForAll=false]
2019-10-16 12:41:39.409 DEBUG application 5759 _a-0000e311-1855-8000-9ba2-011c48011c48_29118 Processing reference: ContentRole[name=denyAuthors,inherit=false,allowForAll=false]
2019-10-16 12:41:39.409 DEBUG application 5759 _a-0000e311-1855-8000-9ba2-011c48011c48_29118 Processing reference: ContentRole[name=denyAdministrators,inherit=false,allowForAll=false]
2019-10-16 12:41:39.412 DEBUG content 5760 _a-0000e311-1855-8000-9ba2-011c48011c48_29123 Begin transport.
2019-10-16 12:41:39.412 DEBUG content 5760 _a-0000e311-1855-8000-9ba2-011c48011c48_29123 Retrieving object data.
2019-10-16 12:41:39.422 DEBUG content 5760 _a-0000e311-1855-8000-9ba2-011c48011c48_29123 Setting uuids of object references.
2019-10-16 12:41:39.433 DEBUG content 5760 _a-0000e311-1855-8000-9ba2-011c48011c48_29123 Processing reference: RulesFolder.forum
2019-10-16 12:41:39.433 DEBUG content 5760 _a-0000e311-1855-8000-9ba2-011c48011c48_29123 Processing reference: RulesFolder.parent
2019-10-16 12:41:39.437 DEBUG content 5760 _a-0000e311-1855-8000-9ba2-011c48011c48_29123 Processing reference: com.appiancorp.suiteapi.content.ContentRoleMap@690c510f[
  ContentRole[name=readers,inherit=false,allowForAll=false]
  ContentRole[name=authors,inherit=false,allowForAll=false]
  ContentRole[name=administrators,inherit=false,allowForAll=false]
  ContentRole[name=denyReaders,inherit=false,allowForAll=false]
  ContentRole[name=denyAuthors,inherit=false,allowForAll=false]
  ContentRole[name=denyAdministrators,inherit=false,allowForAll=false]
  securityVector=1:SEC_PUBLIC=true,SEC_CREATOR_ADMIN=false,SEC_INH_ADMIN=false,SEC_INH_EDITOR=false,SEC_INH_VIEWER=false,SEC_ALL_ADMIN=false,SEC_ALL_EDITOR=false,SEC_ALL_VIEWER=false
]
2019-10-16 12:41:39.437 DEBUG content 5760 _a-0000e311-1855-8000-9ba2-011c48011c48_29123 Processing reference: ContentRole[name=readers,inherit=false,allowForAll=false]
2019-10-16 12:41:39.437 DEBUG content 5760 _a-0000e311-1855-8000-9ba2-011c48011c48_29123 Processing reference: ContentRole[name=authors,inherit=false,allowForAll=false]
2019-10-16 12:41:39.437 DEBUG content 5760 _a-0000e311-1855-8000-9ba2-011c48011c48_29123 Processing reference: ContentRole[name=administrators,inherit=false,allowForAll=false]
2019-10-16 12:41:39.437 DEBUG content 5760 _a-0000e311-1855-8000-9ba2-011c48011c48_29123 Processing reference: ContentRole[name=denyReaders,inherit=false,allowForAll=false]
2019-10-16 12:41:39.437 DEBUG content 5760 _a-0000e311-1855-8000-9ba2-011c48011c48_29123 Processing reference: ContentRole[name=denyAuthors,inherit=false,allowForAll=false]
2019-10-16 12:41:39.437 DEBUG content 5760 _a-0000e311-1855-8000-9ba2-011c48011c48_29123 Processing reference: ContentRole[name=denyAdministrators,inherit=false,allowForAll=false]
2019-10-16 12:41:39.437 DEBUG content 5760 _a-0000e311-1855-8000-9ba2-011c48011c48_29123 Completing produce.
2019-10-16 12:41:39.437 DEBUG content 5760 _a-0000e311-1855-8000-9ba2-011c48011c48_29123 Exporting binary resources.
2019-10-16 12:41:39.437 DEBUG content 5760 _a-0000e311-1855-8000-9ba2-011c48011c48_29123 Serializing object to XML.
2019-10-16 12:41:39.445 DEBUG content 5760 _a-0000e311-1855-8000-9ba2-011c48011c48_29123 Object transported.
2019-10-16 12:41:39.445 DEBUG content 5762 _a-0000e311-1855-8000-9ba2-011c48011c48_29128 Begin transport.
2019-10-16 12:41:39.445 DEBUG content 5762 _a-0000e311-1855-8000-9ba2-011c48011c48_29128 Retrieving object data.
2019-10-16 12:41:39.457 DEBUG content 5762 _a-0000e311-1855-8000-9ba2-011c48011c48_29128 Setting uuids of object references.
2019-10-16 12:41:39.457 DEBUG content 5762 _a-0000e311-1855-8000-9ba2-011c48011c48_29128 Processing reference: [Content:id=5761,versionId=-1,name=CICD_testInterface,type=32,subtype=6,uuid=_a-0000e311-1855-8000-9ba2-011c48011c48_29128,parent=5760]
2019-10-16 12:41:39.527 DEBUG content 5762 _a-0000e311-1855-8000-9ba2-011c48011c48_29128 Processing reference: Interface.forum
2019-10-16 12:41:39.528 DEBUG content 5762 _a-0000e311-1855-8000-9ba2-011c48011c48_29128 Processing reference: Interface.parent
2019-10-16 12:41:39.533 DEBUG content 5762 _a-0000e311-1855-8000-9ba2-011c48011c48_29128 Processing reference: com.appiancorp.suiteapi.content.ContentRoleMap@67919fa4[
  ContentRole[name=readers,inherit=true,allowForAll=false]
  ContentRole[name=authors,inherit=true,allowForAll=false]
  ContentRole[name=administrators,inherit=true,allowForAll=false]
  ContentRole[name=denyReaders,inherit=false,allowForAll=false]
  ContentRole[name=denyAuthors,inherit=false,allowForAll=false]
  ContentRole[name=denyAdministrators,inherit=false,allowForAll=false]
  securityVector=15:SEC_PUBLIC=true,SEC_CREATOR_ADMIN=false,SEC_INH_ADMIN=true,SEC_INH_EDITOR=true,SEC_INH_VIEWER=true,SEC_ALL_ADMIN=false,SEC_ALL_EDITOR=false,SEC_ALL_VIEWER=false
]
2019-10-16 12:41:39.533 DEBUG content 5762 _a-0000e311-1855-8000-9ba2-011c48011c48_29128 Processing reference: ContentRole[name=readers,inherit=true,allowForAll=false]
2019-10-16 12:41:39.533 DEBUG content 5762 _a-0000e311-1855-8000-9ba2-011c48011c48_29128 Processing reference: ContentRole[name=authors,inherit=true,allowForAll=false]
2019-10-16 12:41:39.533 DEBUG content 5762 _a-0000e311-1855-8000-9ba2-011c48011c48_29128 Processing reference: ContentRole[name=administrators,inherit=true,allowForAll=false]
2019-10-16 12:41:39.533 DEBUG content 5762 _a-0000e311-1855-8000-9ba2-011c48011c48_29128 Processing reference: ContentRole[name=denyReaders,inherit=false,allowForAll=false]
2019-10-16 12:41:39.533 DEBUG content 5762 _a-0000e311-1855-8000-9ba2-011c48011c48_29128 Processing reference: ContentRole[name=denyAuthors,inherit=false,allowForAll=false]
2019-10-16 12:41:39.533 DEBUG content 5762 _a-0000e311-1855-8000-9ba2-011c48011c48_29128 Processing reference: ContentRole[name=denyAdministrators,inherit=false,allowForAll=false]
2019-10-16 12:41:39.533 DEBUG content 5762 _a-0000e311-1855-8000-9ba2-011c48011c48_29128 Completing produce.
2019-10-16 12:41:39.533 DEBUG content 5762 _a-0000e311-1855-8000-9ba2-011c48011c48_29128 Exporting binary resources.
2019-10-16 12:41:39.533 DEBUG content 5762 _a-0000e311-1855-8000-9ba2-011c48011c48_29128 Serializing object to XML.
2019-10-16 12:41:39.543 DEBUG content 5762 _a-0000e311-1855-8000-9ba2-011c48011c48_29128 Object transported.
2019-10-16 12:41:39.543 DEBUG content 5938 _a-0000e311-1855-8000-9ba2-011c48011c48_29140 Begin transport.
2019-10-16 12:41:39.543 DEBUG content 5938 _a-0000e311-1855-8000-9ba2-011c48011c48_29140 Retrieving object data.
2019-10-16 12:41:39.556 DEBUG content 5938 _a-0000e311-1855-8000-9ba2-011c48011c48_29140 Setting uuids of object references.
2019-10-16 12:41:39.556 DEBUG content 5938 _a-0000e311-1855-8000-9ba2-011c48011c48_29140 Processing reference: [Content:id=5938,versionId=-1,name=CICD_TEST_CONSTANT,type=32,subtype=0,uuid=_a-0000e311-1855-8000-9ba2-011c48011c48_29140,parent=5760]
2019-10-16 12:41:39.561 DEBUG content 5938 _a-0000e311-1855-8000-9ba2-011c48011c48_29140 Processing reference: Constant.forum
2019-10-16 12:41:39.561 DEBUG content 5938 _a-0000e311-1855-8000-9ba2-011c48011c48_29140 Processing reference: Constant.parent
2019-10-16 12:41:39.565 DEBUG content 5938 _a-0000e311-1855-8000-9ba2-011c48011c48_29140 Processing reference: com.appiancorp.suiteapi.content.ContentRoleMap@75194d6f[
  ContentRole[name=readers,inherit=true,allowForAll=false]
  ContentRole[name=authors,inherit=true,allowForAll=false]
  ContentRole[name=administrators,inherit=true,allowForAll=false]
  ContentRole[name=denyReaders,inherit=false,allowForAll=false]
  ContentRole[name=denyAuthors,inherit=false,allowForAll=false]
  ContentRole[name=denyAdministrators,inherit=false,allowForAll=false]
  securityVector=15:SEC_PUBLIC=true,SEC_CREATOR_ADMIN=false,SEC_INH_ADMIN=true,SEC_INH_EDITOR=true,SEC_INH_VIEWER=true,SEC_ALL_ADMIN=false,SEC_ALL_EDITOR=false,SEC_ALL_VIEWER=false
]
2019-10-16 12:41:39.565 DEBUG content 5938 _a-0000e311-1855-8000-9ba2-011c48011c48_29140 Processing reference: ContentRole[name=readers,inherit=true,allowForAll=false]
2019-10-16 12:41:39.565 DEBUG content 5938 _a-0000e311-1855-8000-9ba2-011c48011c48_29140 Processing reference: ContentRole[name=authors,inherit=true,allowForAll=false]
2019-10-16 12:41:39.565 DEBUG content 5938 _a-0000e311-1855-8000-9ba2-011c48011c48_29140 Processing reference: ContentRole[name=administrators,inherit=true,allowForAll=false]
2019-10-16 12:41:39.565 DEBUG content 5938 _a-0000e311-1855-8000-9ba2-011c48011c48_29140 Processing reference: ContentRole[name=denyReaders,inherit=false,allowForAll=false]
2019-10-16 12:41:39.565 DEBUG content 5938 _a-0000e311-1855-8000-9ba2-011c48011c48_29140 Processing reference: ContentRole[name=denyAuthors,inherit=false,allowForAll=false]
2019-10-16 12:41:39.565 DEBUG content 5938 _a-0000e311-1855-8000-9ba2-011c48011c48_29140 Processing reference: ContentRole[name=denyAdministrators,inherit=false,allowForAll=false]
2019-10-16 12:41:39.566 DEBUG content 5938 _a-0000e311-1855-8000-9ba2-011c48011c48_29140 Completing produce.
2019-10-16 12:41:39.566 DEBUG content 5938 _a-0000e311-1855-8000-9ba2-011c48011c48_29140 Exporting binary resources.
2019-10-16 12:41:39.566 DEBUG content 5938 _a-0000e311-1855-8000-9ba2-011c48011c48_29140 Serializing object to XML.
2019-10-16 12:41:39.585 DEBUG content 5938 _a-0000e311-1855-8000-9ba2-011c48011c48_29140 Object transported.
2019-10-16 12:41:39.585 DEBUG content 5910 _a-0000e311-1855-8000-9ba2-011c48011c48_29146 Begin transport.
2019-10-16 12:41:39.585 DEBUG content 5910 _a-0000e311-1855-8000-9ba2-011c48011c48_29146 Retrieving object data.
2019-10-16 12:41:39.598 DEBUG content 5910 _a-0000e311-1855-8000-9ba2-011c48011c48_29146 Setting uuids of object references.
2019-10-16 12:41:39.598 DEBUG content 5910 _a-0000e311-1855-8000-9ba2-011c48011c48_29146 Processing reference: [Content:id=5910,versionId=-1,name=CICD_getTestRule,type=32,subtype=1,uuid=_a-0000e311-1855-8000-9ba2-011c48011c48_29146,parent=5760]
2019-10-16 12:41:39.598 DEBUG content 5910 _a-0000e311-1855-8000-9ba2-011c48011c48_29146 Processing reference: FreeformRule.forum
2019-10-16 12:41:39.598 DEBUG content 5910 _a-0000e311-1855-8000-9ba2-011c48011c48_29146 Processing reference: FreeformRule.parent
2019-10-16 12:41:39.601 DEBUG content 5910 _a-0000e311-1855-8000-9ba2-011c48011c48_29146 Processing reference: com.appiancorp.suiteapi.content.ContentRoleMap@179f6797[
  ContentRole[name=readers,inherit=true,allowForAll=false]
  ContentRole[name=authors,inherit=true,allowForAll=false]
  ContentRole[name=administrators,inherit=true,allowForAll=false]
  ContentRole[name=denyReaders,inherit=false,allowForAll=false]
  ContentRole[name=denyAuthors,inherit=false,allowForAll=false]
  ContentRole[name=denyAdministrators,inherit=false,allowForAll=false]
  securityVector=15:SEC_PUBLIC=true,SEC_CREATOR_ADMIN=false,SEC_INH_ADMIN=true,SEC_INH_EDITOR=true,SEC_INH_VIEWER=true,SEC_ALL_ADMIN=false,SEC_ALL_EDITOR=false,SEC_ALL_VIEWER=false
]
2019-10-16 12:41:39.601 DEBUG content 5910 _a-0000e311-1855-8000-9ba2-011c48011c48_29146 Processing reference: ContentRole[name=readers,inherit=true,allowForAll=false]
2019-10-16 12:41:39.602 DEBUG content 5910 _a-0000e311-1855-8000-9ba2-011c48011c48_29146 Processing reference: ContentRole[name=authors,inherit=true,allowForAll=false]
2019-10-16 12:41:39.602 DEBUG content 5910 _a-0000e311-1855-8000-9ba2-011c48011c48_29146 Processing reference: ContentRole[name=administrators,inherit=true,allowForAll=false]
2019-10-16 12:41:39.602 DEBUG content 5910 _a-0000e311-1855-8000-9ba2-011c48011c48_29146 Processing reference: ContentRole[name=denyReaders,inherit=false,allowForAll=false]
2019-10-16 12:41:39.602 DEBUG content 5910 _a-0000e311-1855-8000-9ba2-011c48011c48_29146 Processing reference: ContentRole[name=denyAuthors,inherit=false,allowForAll=false]
2019-10-16 12:41:39.602 DEBUG content 5910 _a-0000e311-1855-8000-9ba2-011c48011c48_29146 Processing reference: ContentRole[name=denyAdministrators,inherit=false,allowForAll=false]
2019-10-16 12:41:39.602 DEBUG content 5910 _a-0000e311-1855-8000-9ba2-011c48011c48_29146 Completing produce.
2019-10-16 12:41:39.602 DEBUG content 5910 _a-0000e311-1855-8000-9ba2-011c48011c48_29146 Exporting binary resources.
2019-10-16 12:41:39.602 DEBUG content 5910 _a-0000e311-1855-8000-9ba2-011c48011c48_29146 Serializing object to XML.
2019-10-16 12:41:39.608 DEBUG content 5910 _a-0000e311-1855-8000-9ba2-011c48011c48_29146 Object transported.
2019-10-16 12:41:39.608 DEBUG content 6460 _a-0000e347-b72b-8000-9ba2-011c48011c48_29269 Begin transport.
2019-10-16 12:41:39.608 DEBUG content 6460 _a-0000e347-b72b-8000-9ba2-011c48011c48_29269 Retrieving object data.
2019-10-16 12:41:39.625 DEBUG content 6460 _a-0000e347-b72b-8000-9ba2-011c48011c48_29269 Setting uuids of object references.
2019-10-16 12:41:39.625 DEBUG content 6460 _a-0000e347-b72b-8000-9ba2-011c48011c48_29269 Processing reference: [Content:id=6460,versionId=-1,name=CICD_testInterface2,type=32,subtype=6,uuid=_a-0000e347-b72b-8000-9ba2-011c48011c48_29269,parent=5760]
2019-10-16 12:41:39.644 DEBUG content 6460 _a-0000e347-b72b-8000-9ba2-011c48011c48_29269 Processing reference: Interface.forum
2019-10-16 12:41:39.645 DEBUG content 6460 _a-0000e347-b72b-8000-9ba2-011c48011c48_29269 Processing reference: TypedVariable[name=cancel,it=26,v=<null>]
2019-10-16 12:41:39.646 DEBUG content 6460 _a-0000e347-b72b-8000-9ba2-011c48011c48_29269 Processing reference: TypedVariable[name=purchaseRequest,it=97,v=<null>]
2019-10-16 12:41:39.646 DEBUG content 6460 _a-0000e347-b72b-8000-9ba2-011c48011c48_29269 Processing reference: Interface.parent
2019-10-16 12:41:39.65 DEBUG content 6460 _a-0000e347-b72b-8000-9ba2-011c48011c48_29269 Processing reference: com.appiancorp.suiteapi.content.ContentRoleMap@1f865b73[
  ContentRole[name=readers,inherit=true,allowForAll=false]
  ContentRole[name=authors,inherit=true,allowForAll=false]
  ContentRole[name=administrators,inherit=true,allowForAll=false]
  ContentRole[name=denyReaders,inherit=false,allowForAll=false]
  ContentRole[name=denyAuthors,inherit=false,allowForAll=false]
  ContentRole[name=denyAdministrators,inherit=false,allowForAll=false]
  securityVector=15:SEC_PUBLIC=true,SEC_CREATOR_ADMIN=false,SEC_INH_ADMIN=true,SEC_INH_EDITOR=true,SEC_INH_VIEWER=true,SEC_ALL_ADMIN=false,SEC_ALL_EDITOR=false,SEC_ALL_VIEWER=false
]
2019-10-16 12:41:39.65 DEBUG content 6460 _a-0000e347-b72b-8000-9ba2-011c48011c48_29269 Processing reference: ContentRole[name=readers,inherit=true,allowForAll=false]
2019-10-16 12:41:39.65 DEBUG content 6460 _a-0000e347-b72b-8000-9ba2-011c48011c48_29269 Processing reference: ContentRole[name=authors,inherit=true,allowForAll=false]
2019-10-16 12:41:39.65 DEBUG content 6460 _a-0000e347-b72b-8000-9ba2-011c48011c48_29269 Processing reference: ContentRole[name=administrators,inherit=true,allowForAll=false]
2019-10-16 12:41:39.65 DEBUG content 6460 _a-0000e347-b72b-8000-9ba2-011c48011c48_29269 Processing reference: ContentRole[name=denyReaders,inherit=false,allowForAll=false]
2019-10-16 12:41:39.65 DEBUG content 6460 _a-0000e347-b72b-8000-9ba2-011c48011c48_29269 Processing reference: ContentRole[name=denyAuthors,inherit=false,allowForAll=false]
2019-10-16 12:41:39.65 DEBUG content 6460 _a-0000e347-b72b-8000-9ba2-011c48011c48_29269 Processing reference: ContentRole[name=denyAdministrators,inherit=false,allowForAll=false]
2019-10-16 12:41:39.654 DEBUG content 6460 _a-0000e347-b72b-8000-9ba2-011c48011c48_29269 Completing produce.
2019-10-16 12:41:39.654 DEBUG content 6460 _a-0000e347-b72b-8000-9ba2-011c48011c48_29269 Exporting binary resources.
2019-10-16 12:41:39.654 DEBUG content 6460 _a-0000e347-b72b-8000-9ba2-011c48011c48_29269 Serializing object to XML.
2019-10-16 12:41:39.671 DEBUG content 6460 _a-0000e347-b72b-8000-9ba2-011c48011c48_29269 Object transported.
2019-10-16 12:41:39.671 DEBUG content 6452 _a-0000e347-b72b-8000-9ba2-011c48011c48_29282 Begin transport.
2019-10-16 12:41:39.671 DEBUG content 6452 _a-0000e347-b72b-8000-9ba2-011c48011c48_29282 Retrieving object data.
2019-10-16 12:41:39.682 DEBUG content 6452 _a-0000e347-b72b-8000-9ba2-011c48011c48_29282 Setting uuids of object references.
2019-10-16 12:41:39.683 DEBUG content 6452 _a-0000e347-b72b-8000-9ba2-011c48011c48_29282 Processing reference: [Content:id=5896,versionId=-1,name=CICD_testRule,type=32,subtype=1,uuid=_a-0000e347-b72b-8000-9ba2-011c48011c48_29282,parent=5760]
2019-10-16 12:41:39.683 DEBUG content 6452 _a-0000e347-b72b-8000-9ba2-011c48011c48_29282 Processing reference: FreeformRule.forum
2019-10-16 12:41:39.683 DEBUG content 6452 _a-0000e347-b72b-8000-9ba2-011c48011c48_29282 Processing reference: FreeformRule.parent
2019-10-16 12:41:39.686 DEBUG content 6452 _a-0000e347-b72b-8000-9ba2-011c48011c48_29282 Processing reference: com.appiancorp.suiteapi.content.ContentRoleMap@2daacb47[
  ContentRole[name=readers,inherit=true,allowForAll=false]
  ContentRole[name=authors,inherit=true,allowForAll=false]
  ContentRole[name=administrators,inherit=true,allowForAll=false]
  ContentRole[name=denyReaders,inherit=false,allowForAll=false]
  ContentRole[name=denyAuthors,inherit=false,allowForAll=false]
  ContentRole[name=denyAdministrators,inherit=false,allowForAll=false]
  securityVector=15:SEC_PUBLIC=true,SEC_CREATOR_ADMIN=false,SEC_INH_ADMIN=true,SEC_INH_EDITOR=true,SEC_INH_VIEWER=true,SEC_ALL_ADMIN=false,SEC_ALL_EDITOR=false,SEC_ALL_VIEWER=false
]
2019-10-16 12:41:39.686 DEBUG content 6452 _a-0000e347-b72b-8000-9ba2-011c48011c48_29282 Processing reference: ContentRole[name=readers,inherit=true,allowForAll=false]
2019-10-16 12:41:39.686 DEBUG content 6452 _a-0000e347-b72b-8000-9ba2-011c48011c48_29282 Processing reference: ContentRole[name=authors,inherit=true,allowForAll=false]
2019-10-16 12:41:39.686 DEBUG content 6452 _a-0000e347-b72b-8000-9ba2-011c48011c48_29282 Processing reference: ContentRole[name=administrators,inherit=true,allowForAll=false]
2019-10-16 12:41:39.686 DEBUG content 6452 _a-0000e347-b72b-8000-9ba2-011c48011c48_29282 Processing reference: ContentRole[name=denyReaders,inherit=false,allowForAll=false]
2019-10-16 12:41:39.686 DEBUG content 6452 _a-0000e347-b72b-8000-9ba2-011c48011c48_29282 Processing reference: ContentRole[name=denyAuthors,inherit=false,allowForAll=false]
2019-10-16 12:41:39.686 DEBUG content 6452 _a-0000e347-b72b-8000-9ba2-011c48011c48_29282 Processing reference: ContentRole[name=denyAdministrators,inherit=false,allowForAll=false]
2019-10-16 12:41:39.686 DEBUG content 6452 _a-0000e347-b72b-8000-9ba2-011c48011c48_29282 Completing produce.
2019-10-16 12:41:39.686 DEBUG content 6452 _a-0000e347-b72b-8000-9ba2-011c48011c48_29282 Exporting binary resources.
2019-10-16 12:41:39.686 DEBUG content 6452 _a-0000e347-b72b-8000-9ba2-011c48011c48_29282 Serializing object to XML.
2019-10-16 12:41:39.693 DEBUG content 6452 _a-0000e347-b72b-8000-9ba2-011c48011c48_29282 Object transported.
2019-10-16 12:41:39.695 DEBUG processModelFolder 8 _g-0000e311-1855-8000-f92f-7f0000014e7a_9 Begin transport.
2019-10-16 12:41:39.695 DEBUG processModelFolder 8 _g-0000e311-1855-8000-f92f-7f0000014e7a_9 Retrieving object data.
2019-10-16 12:41:39.709 DEBUG processModelFolder 8 _g-0000e311-1855-8000-f92f-7f0000014e7a_9 Setting uuids of object references.
2019-10-16 12:41:39.723 DEBUG processModelFolder 8 _g-0000e311-1855-8000-f92f-7f0000014e7a_9 Processing reference: ProcessModelFolder.parentFolderId
2019-10-16 12:41:39.723 DEBUG processModelFolder 8 _g-0000e311-1855-8000-f92f-7f0000014e7a_9 Processing reference: com.appiancorp.suiteapi.process.ProcessRoleMap@3d8c7004[
  Role[name=ADMIN_OWNER]
  Role[name=EDITOR]
  Role[name=EXPLICIT_NONMEMBER]
  Role[name=VIEWER]
  Role[name=MANAGER]
  Role[name=INITIATOR]
]
2019-10-16 12:41:39.724 DEBUG processModelFolder 8 _g-0000e311-1855-8000-f92f-7f0000014e7a_9 Processing reference: Role[name=ADMIN_OWNER]
2019-10-16 12:41:39.724 DEBUG processModelFolder 8 _g-0000e311-1855-8000-f92f-7f0000014e7a_9 Processing reference: Role[name=EDITOR]
2019-10-16 12:41:39.724 DEBUG processModelFolder 8 _g-0000e311-1855-8000-f92f-7f0000014e7a_9 Processing reference: Role[name=EXPLICIT_NONMEMBER]
2019-10-16 12:41:39.724 DEBUG processModelFolder 8 _g-0000e311-1855-8000-f92f-7f0000014e7a_9 Processing reference: Role[name=VIEWER]
2019-10-16 12:41:39.724 DEBUG processModelFolder 8 _g-0000e311-1855-8000-f92f-7f0000014e7a_9 Processing reference: Role[name=MANAGER]
2019-10-16 12:41:39.724 DEBUG processModelFolder 8 _g-0000e311-1855-8000-f92f-7f0000014e7a_9 Processing reference: Role[name=INITIATOR]
2019-10-16 12:41:39.725 DEBUG processModelFolder 8 _g-0000e311-1855-8000-f92f-7f0000014e7a_9 Completing produce.
2019-10-16 12:41:39.725 DEBUG processModelFolder 8 _g-0000e311-1855-8000-f92f-7f0000014e7a_9 Exporting binary resources.
2019-10-16 12:41:39.725 DEBUG processModelFolder 8 _g-0000e311-1855-8000-f92f-7f0000014e7a_9 Serializing object to XML.
2019-10-16 12:41:39.734 DEBUG processModelFolder 8 _g-0000e311-1855-8000-f92f-7f0000014e7a_9 Object transported.
2019-10-16 12:41:39.738 DEBUG processModel 292 0002e347-b43f-8000-f92f-7f0000014e7a Begin transport.
2019-10-16 12:41:39.738 DEBUG processModel 292 0002e347-b43f-8000-f92f-7f0000014e7a Retrieving object data.
2019-10-16 12:41:39.789 DEBUG processModel 292 0002e347-b43f-8000-f92f-7f0000014e7a Setting uuids of object references.
2019-10-16 12:41:39.795 DEBUG processModel 292 0002e347-b43f-8000-f92f-7f0000014e7a Processing reference: ProcessModelHaul.folderId
2019-10-16 12:41:39.796 DEBUG processModel 292 0002e347-b43f-8000-f92f-7f0000014e7a Processing reference: ProcessModelHaul.modelDashboardPageId
2019-10-16 12:41:39.796 DEBUG processModel 292 0002e347-b43f-8000-f92f-7f0000014e7a Processing reference: ProcessModelHaul.processDashboardPageId
2019-10-16 12:41:39.796 DEBUG processModel 292 0002e347-b43f-8000-f92f-7f0000014e7a Processing reference: ProcessModel.emailAttachmentFolderId
2019-10-16 12:41:39.802 DEBUG processModel 292 0002e347-b43f-8000-f92f-7f0000014e7a Processing reference: ActivityClassParameter[name=pmID,it=23,v=<null>]
2019-10-16 12:41:39.802 DEBUG processModel 292 0002e347-b43f-8000-f92f-7f0000014e7a Processing reference: ActivityClassParameter[name=inMap,it=111,v={}]
2019-10-16 12:41:39.802 DEBUG processModel 292 0002e347-b43f-8000-f92f-7f0000014e7a Processing reference: ActivityClassParameter[name=procInheritsPriority,it=1,v=1]
2019-10-16 12:41:39.802 DEBUG processModel 292 0002e347-b43f-8000-f92f-7f0000014e7a Processing reference: ActivityClassParameter[name=pmUUID,it=3,v=]
2019-10-16 12:41:39.802 DEBUG processModel 292 0002e347-b43f-8000-f92f-7f0000014e7a Processing reference: ActivityClassParameter[name=isAsynchronous,it=26,v=1]
2019-10-16 12:41:39.802 DEBUG processModel 292 0002e347-b43f-8000-f92f-7f0000014e7a Processing reference: ActivityClassParameter[name=isTransparent,it=26,v=1]
2019-10-16 12:41:39.802 DEBUG processModel 292 0002e347-b43f-8000-f92f-7f0000014e7a Processing reference: ActivityClassParameter[name=inheritSecurity,it=26,v=0]
2019-10-16 12:41:39.803 DEBUG processModel 292 0002e347-b43f-8000-f92f-7f0000014e7a Processing reference: com.appiancorp.suiteapi.process.ProcessRoleMap@1b2884e2[
  Role[name=ADMIN_OWNER]
  Role[name=EDITOR]
  Role[name=EXPLICIT_NONMEMBER]
  Role[name=VIEWER]
  Role[name=MANAGER]
  Role[name=INITIATOR]
]
2019-10-16 12:41:39.803 DEBUG processModel 292 0002e347-b43f-8000-f92f-7f0000014e7a Processing reference: Role[name=ADMIN_OWNER]
2019-10-16 12:41:39.803 DEBUG processModel 292 0002e347-b43f-8000-f92f-7f0000014e7a Processing reference: Role[name=EDITOR]
2019-10-16 12:41:39.803 DEBUG processModel 292 0002e347-b43f-8000-f92f-7f0000014e7a Processing reference: Role[name=EXPLICIT_NONMEMBER]
2019-10-16 12:41:39.803 DEBUG processModel 292 0002e347-b43f-8000-f92f-7f0000014e7a Processing reference: Role[name=VIEWER]
2019-10-16 12:41:39.803 DEBUG processModel 292 0002e347-b43f-8000-f92f-7f0000014e7a Processing reference: Role[name=MANAGER]
2019-10-16 12:41:39.803 DEBUG processModel 292 0002e347-b43f-8000-f92f-7f0000014e7a Processing reference: Role[name=INITIATOR]
2019-10-16 12:41:39.803 DEBUG processModel 292 0002e347-b43f-8000-f92f-7f0000014e7a Completing produce.
2019-10-16 12:41:39.803 DEBUG processModel 292 0002e347-b43f-8000-f92f-7f0000014e7a Exporting binary resources.
2019-10-16 12:41:39.803 DEBUG processModel 292 0002e347-b43f-8000-f92f-7f0000014e7a Serializing object to XML.
2019-10-16 12:41:39.843 DEBUG processModel 292 0002e347-b43f-8000-f92f-7f0000014e7a Object transported.
2019-10-16 12:41:39.843 DEBUG processModel 156 0002e349-8233-8000-f92f-7f0000014e7a Begin transport.
2019-10-16 12:41:39.843 DEBUG processModel 156 0002e349-8233-8000-f92f-7f0000014e7a Retrieving object data.
2019-10-16 12:41:39.869 DEBUG processModel 156 0002e349-8233-8000-f92f-7f0000014e7a Setting uuids of object references.
2019-10-16 12:41:39.869 DEBUG processModel 156 0002e349-8233-8000-f92f-7f0000014e7a Processing reference: ProcessModelHaul.folderId
2019-10-16 12:41:39.871 DEBUG processModel 156 0002e349-8233-8000-f92f-7f0000014e7a Processing reference: ProcessModelHaul.modelDashboardPageId
2019-10-16 12:41:39.871 DEBUG processModel 156 0002e349-8233-8000-f92f-7f0000014e7a Processing reference: ProcessModelHaul.processDashboardPageId
2019-10-16 12:41:39.871 DEBUG processModel 156 0002e349-8233-8000-f92f-7f0000014e7a Processing reference: ProcessModel.emailAttachmentFolderId
2019-10-16 12:41:39.884 DEBUG processModel 156 0002e349-8233-8000-f92f-7f0000014e7a Processing reference: InternalForm.docId
2019-10-16 12:41:39.885 DEBUG processModel 156 0002e349-8233-8000-f92f-7f0000014e7a Processing reference: ActivityClassParameter[name=pmID,it=23,v=<null>]
2019-10-16 12:41:39.885 DEBUG processModel 156 0002e349-8233-8000-f92f-7f0000014e7a Processing reference: ActivityClassParameter[name=inMap,it=111,v={}]
2019-10-16 12:41:39.885 DEBUG processModel 156 0002e349-8233-8000-f92f-7f0000014e7a Processing reference: ActivityClassParameter[name=procInheritsPriority,it=1,v=1]
2019-10-16 12:41:39.885 DEBUG processModel 156 0002e349-8233-8000-f92f-7f0000014e7a Processing reference: ActivityClassParameter[name=pmUUID,it=3,v=]
2019-10-16 12:41:39.885 DEBUG processModel 156 0002e349-8233-8000-f92f-7f0000014e7a Processing reference: ActivityClassParameter[name=isAsynchronous,it=26,v=1]
2019-10-16 12:41:39.885 DEBUG processModel 156 0002e349-8233-8000-f92f-7f0000014e7a Processing reference: ActivityClassParameter[name=isTransparent,it=26,v=1]
2019-10-16 12:41:39.885 DEBUG processModel 156 0002e349-8233-8000-f92f-7f0000014e7a Processing reference: ActivityClassParameter[name=inheritSecurity,it=26,v=0]
2019-10-16 12:41:39.894 DEBUG processModel 156 0002e349-8233-8000-f92f-7f0000014e7a Processing reference: com.appiancorp.suiteapi.process.ProcessRoleMap@39ab8719[
  Role[name=ADMIN_OWNER]
  Role[name=EDITOR]
  Role[name=EXPLICIT_NONMEMBER]
  Role[name=VIEWER]
  Role[name=MANAGER]
  Role[name=INITIATOR]
]
2019-10-16 12:41:39.894 DEBUG processModel 156 0002e349-8233-8000-f92f-7f0000014e7a Processing reference: Role[name=ADMIN_OWNER]
2019-10-16 12:41:39.894 DEBUG processModel 156 0002e349-8233-8000-f92f-7f0000014e7a Processing reference: Role[name=EDITOR]
2019-10-16 12:41:39.894 DEBUG processModel 156 0002e349-8233-8000-f92f-7f0000014e7a Processing reference: Role[name=EXPLICIT_NONMEMBER]
2019-10-16 12:41:39.894 DEBUG processModel 156 0002e349-8233-8000-f92f-7f0000014e7a Processing reference: Role[name=VIEWER]
2019-10-16 12:41:39.894 DEBUG processModel 156 0002e349-8233-8000-f92f-7f0000014e7a Processing reference: Role[name=MANAGER]
2019-10-16 12:41:39.894 DEBUG processModel 156 0002e349-8233-8000-f92f-7f0000014e7a Processing reference: Role[name=INITIATOR]
2019-10-16 12:41:39.894 DEBUG processModel 156 0002e349-8233-8000-f92f-7f0000014e7a Completing produce.
2019-10-16 12:41:39.894 DEBUG processModel 156 0002e349-8233-8000-f92f-7f0000014e7a Exporting binary resources.
2019-10-16 12:41:39.894 DEBUG processModel 156 0002e349-8233-8000-f92f-7f0000014e7a Serializing object to XML.
2019-10-16 12:41:39.926 DEBUG processModel 156 0002e349-8233-8000-f92f-7f0000014e7a Object transported.
2019-10-16 12:41:39.926 DEBUG application 5759 _a-0000e311-1855-8000-9ba2-011c48011c48_29118 Completing produce.
2019-10-16 12:41:39.926 DEBUG application 5759 _a-0000e311-1855-8000-9ba2-011c48011c48_29118 Exporting binary resources.
2019-10-16 12:41:39.926 DEBUG application 5759 _a-0000e311-1855-8000-9ba2-011c48011c48_29118 Serializing object to XML.
2019-10-16 12:41:39.937 DEBUG application 5759 _a-0000e311-1855-8000-9ba2-011c48011c48_29118 Object transported.
